This file contains any messages produced by compilers while
running configure, to aid debugging if configure makes a mistake.

It was created by alsa-lib configure 1.1.4.1, which was
generated by GNU Autoconf 2.69.  Invocation command line was

  $ ./configure 

## --------- ##
## Platform. ##
## --------- ##

hostname = cheetah-ub
uname -m = x86_64
uname -r = 4.10.0-33-generic
uname -s = Linux
uname -v = #37~16.04.1-Ubuntu SMP Fri Aug 11 14:07:24 UTC 2017

/usr/bin/uname -p = unknown
/bin/uname -X     = unknown

/bin/arch              = unknown
/usr/bin/arch -k       = unknown
/usr/convex/getsysinfo = unknown
/usr/bin/hostinfo      = unknown
/bin/machine           = unknown
/usr/bin/oslevel       = unknown
/bin/universe          = unknown

PATH: /usr/local/sbin
PATH: /usr/local/bin
PATH: /usr/sbin
PATH: /usr/bin
PATH: /sbin
PATH: /bin
PATH: /snap/bin


## ----------- ##
## Core tests. ##
## ----------- ##

configure:2468: checking build system type
configure:2482: result: x86_64-unknown-linux-gnu
configure:2502: checking host system type
configure:2515: result: x86_64-unknown-linux-gnu
configure:2551: checking for a BSD-compatible install
configure:2619: result: /usr/bin/install -c
configure:2630: checking whether build environment is sane
configure:2685: result: yes
configure:2836: checking for a thread-safe mkdir -p
configure:2875: result: /bin/mkdir -p
configure:2882: checking for gawk
configure:2912: result: no
configure:2882: checking for mawk
configure:2898: found /usr/bin/mawk
configure:2909: result: mawk
configure:2920: checking whether make sets $(MAKE)
configure:2942: result: yes
configure:3039: checking whether to enable maintainer-specific portions of Makefiles
configure:3048: result: yes
configure:3074: checking whether make supports nested variables
configure:3091: result: yes
configure:3154: checking for gcc
configure:3170: found /usr/bin/gcc
configure:3181: result: gcc
configure:3410: checking for C compiler version
configure:3419: gcc --version >&5
gcc (Ubuntu 5.4.0-6ubuntu1~16.04.4) 5.4.0 20160609
Copyright (C) 2015 Free Software Foundation, Inc.
This is free software; see the source for copying conditions.  There is NO
warranty; not even for MERCHANTABILITY or FITNESS FOR A PARTICULAR PURPOSE.

configure:3430: $? = 0
configure:3419: gcc -v >&5
Using built-in specs.
COLLECT_GCC=gcc
COLLECT_LTO_WRAPPER=/usr/lib/gcc/x86_64-linux-gnu/5/lto-wrapper
Target: x86_64-linux-gnu
Configured with: ../src/configure -v --with-pkgversion='Ubuntu 5.4.0-6ubuntu1~16.04.4' --with-bugurl=file:///usr/share/doc/gcc-5/README.Bugs --enable-languages=c,ada,c++,java,go,d,fortran,objc,obj-c++ --prefix=/usr --program-suffix=-5 --enable-shared --enable-linker-build-id --libexecdir=/usr/lib --without-included-gettext --enable-threads=posix --libdir=/usr/lib --enable-nls --with-sysroot=/ --enable-clocale=gnu --enable-libstdcxx-debug --enable-libstdcxx-time=yes --with-default-libstdcxx-abi=new --enable-gnu-unique-object --disable-vtable-verify --enable-libmpx --enable-plugin --with-system-zlib --disable-browser-plugin --enable-java-awt=gtk --enable-gtk-cairo --with-java-home=/usr/lib/jvm/java-1.5.0-gcj-5-amd64/jre --enable-java-home --with-jvm-root-dir=/usr/lib/jvm/java-1.5.0-gcj-5-amd64 --with-jvm-jar-dir=/usr/lib/jvm-exports/java-1.5.0-gcj-5-amd64 --with-arch-directory=amd64 --with-ecj-jar=/usr/share/java/eclipse-ecj.jar --enable-objc-gc --enable-multiarch --disable-werror --with-arch-32=i686 --with-abi=m64 --with-multilib-list=m32,m64,mx32 --enable-multilib --with-tune=generic --enable-checking=release --build=x86_64-linux-gnu --host=x86_64-linux-gnu --target=x86_64-linux-gnu
Thread model: posix
gcc version 5.4.0 20160609 (Ubuntu 5.4.0-6ubuntu1~16.04.4) 
configure:3430: $? = 0
configure:3419: gcc -V >&5
gcc: error: unrecognized command line option '-V'
gcc: fatal error: no input files
compilation terminated.
configure:3430: $? = 1
configure:3419: gcc -qversion >&5
gcc: error: unrecognized command line option '-qversion'
gcc: fatal error: no input files
compilation terminated.
configure:3430: $? = 1
configure:3450: checking whether the C compiler works
configure:3472: gcc    conftest.c  >&5
configure:3476: $? = 0
configure:3524: result: yes
configure:3527: checking for C compiler default output file name
configure:3529: result: a.out
configure:3535: checking for suffix of executables
configure:3542: gcc -o conftest    conftest.c  >&5
configure:3546: $? = 0
configure:3568: result: 
configure:3590: checking whether we are cross compiling
configure:3598: gcc -o conftest    conftest.c  >&5
configure:3602: $? = 0
configure:3609: ./conftest
configure:3613: $? = 0
configure:3628: result: no
configure:3633: checking for suffix of object files
configure:3655: gcc -c   conftest.c >&5
configure:3659: $? = 0
configure:3680: result: o
configure:3684: checking whether we are using the GNU C compiler
configure:3703: gcc -c   conftest.c >&5
configure:3703: $? = 0
configure:3712: result: yes
configure:3721: checking whether gcc accepts -g
configure:3741: gcc -c -g  conftest.c >&5
configure:3741: $? = 0
configure:3782: result: yes
configure:3799: checking for gcc option to accept ISO C89
configure:3862: gcc  -c -g -O2  conftest.c >&5
configure:3862: $? = 0
configure:3875: result: none needed
configure:3906: checking for style of include used by make
configure:3934: result: GNU
configure:3960: checking dependency style of gcc
configure:4071: result: gcc3
configure:4091: checking how to run the C preprocessor
configure:4122: gcc -E  conftest.c
configure:4122: $? = 0
configure:4136: gcc -E  conftest.c
conftest.c:11:28: fatal error: ac_nonexistent.h: No such file or directory
compilation terminated.
configure:4136: $? = 1
configure: failed program was:
| /* confdefs.h */
| #define PACKAGE_NAME "alsa-lib"
| #define PACKAGE_TARNAME "alsa-lib"
| #define PACKAGE_VERSION "1.1.4.1"
| #define PACKAGE_STRING "alsa-lib 1.1.4.1"
| #define PACKAGE_BUGREPORT ""
| #define PACKAGE_URL ""
| #define PACKAGE "alsa-lib"
| #define VERSION "1.1.4.1"
| /* end confdefs.h.  */
| #include <ac_nonexistent.h>
configure:4161: result: gcc -E
configure:4181: gcc -E  conftest.c
configure:4181: $? = 0
configure:4195: gcc -E  conftest.c
conftest.c:11:28: fatal error: ac_nonexistent.h: No such file or directory
compilation terminated.
configure:4195: $? = 1
configure: failed program was:
| /* confdefs.h */
| #define PACKAGE_NAME "alsa-lib"
| #define PACKAGE_TARNAME "alsa-lib"
| #define PACKAGE_VERSION "1.1.4.1"
| #define PACKAGE_STRING "alsa-lib 1.1.4.1"
| #define PACKAGE_BUGREPORT ""
| #define PACKAGE_URL ""
| #define PACKAGE "alsa-lib"
| #define VERSION "1.1.4.1"
| /* end confdefs.h.  */
| #include <ac_nonexistent.h>
configure:4225: checking for grep that handles long lines and -e
configure:4283: result: /bin/grep
configure:4288: checking for egrep
configure:4350: result: /bin/grep -E
configure:4355: checking for ANSI C header files
configure:4375: gcc -c -g -O2  conftest.c >&5
configure:4375: $? = 0
configure:4448: gcc -o conftest -g -O2   conftest.c  >&5
configure:4448: $? = 0
configure:4448: ./conftest
configure:4448: $? = 0
configure:4459: result: yes
configure:4472: checking for sys/types.h
configure:4472: gcc -c -g -O2  conftest.c >&5
configure:4472: $? = 0
configure:4472: result: yes
configure:4472: checking for sys/stat.h
configure:4472: gcc -c -g -O2  conftest.c >&5
configure:4472: $? = 0
configure:4472: result: yes
configure:4472: checking for stdlib.h
configure:4472: gcc -c -g -O2  conftest.c >&5
configure:4472: $? = 0
configure:4472: result: yes
configure:4472: checking for string.h
configure:4472: gcc -c -g -O2  conftest.c >&5
configure:4472: $? = 0
configure:4472: result: yes
configure:4472: checking for memory.h
configure:4472: gcc -c -g -O2  conftest.c >&5
configure:4472: $? = 0
configure:4472: result: yes
configure:4472: checking for strings.h
configure:4472: gcc -c -g -O2  conftest.c >&5
configure:4472: $? = 0
configure:4472: result: yes
configure:4472: checking for inttypes.h
configure:4472: gcc -c -g -O2  conftest.c >&5
configure:4472: $? = 0
configure:4472: result: yes
configure:4472: checking for stdint.h
configure:4472: gcc -c -g -O2  conftest.c >&5
configure:4472: $? = 0
configure:4472: result: yes
configure:4472: checking for unistd.h
configure:4472: gcc -c -g -O2  conftest.c >&5
configure:4472: $? = 0
configure:4472: result: yes
configure:4485: checking minix/config.h usability
configure:4485: gcc -c -g -O2  conftest.c >&5
conftest.c:54:26: fatal error: minix/config.h: No such file or directory
compilation terminated.
configure:4485: $? = 1
configure: failed program was:
| /* confdefs.h */
| #define PACKAGE_NAME "alsa-lib"
| #define PACKAGE_TARNAME "alsa-lib"
| #define PACKAGE_VERSION "1.1.4.1"
| #define PACKAGE_STRING "alsa-lib 1.1.4.1"
| #define PACKAGE_BUGREPORT ""
| #define PACKAGE_URL ""
| #define PACKAGE "alsa-lib"
| #define VERSION "1.1.4.1"
| #define STDC_HEADERS 1
| #define HAVE_SYS_TYPES_H 1
| #define HAVE_SYS_STAT_H 1
| #define HAVE_STDLIB_H 1
| #define HAVE_STRING_H 1
| #define HAVE_MEMORY_H 1
| #define HAVE_STRINGS_H 1
| #define HAVE_INTTYPES_H 1
| #define HAVE_STDINT_H 1
| #define HAVE_UNISTD_H 1
| /* end confdefs.h.  */
| #include <stdio.h>
| #ifdef HAVE_SYS_TYPES_H
| # include <sys/types.h>
| #endif
| #ifdef HAVE_SYS_STAT_H
| # include <sys/stat.h>
| #endif
| #ifdef STDC_HEADERS
| # include <stdlib.h>
| # include <stddef.h>
| #else
| # ifdef HAVE_STDLIB_H
| #  include <stdlib.h>
| # endif
| #endif
| #ifdef HAVE_STRING_H
| # if !defined STDC_HEADERS && defined HAVE_MEMORY_H
| #  include <memory.h>
| # endif
| # include <string.h>
| #endif
| #ifdef HAVE_STRINGS_H
| # include <strings.h>
| #endif
| #ifdef HAVE_INTTYPES_H
| # include <inttypes.h>
| #endif
| #ifdef HAVE_STDINT_H
| # include <stdint.h>
| #endif
| #ifdef HAVE_UNISTD_H
| # include <unistd.h>
| #endif
| #include <minix/config.h>
configure:4485: result: no
configure:4485: checking minix/config.h presence
configure:4485: gcc -E  conftest.c
conftest.c:21:26: fatal error: minix/config.h: No such file or directory
compilation terminated.
configure:4485: $? = 1
configure: failed program was:
| /* confdefs.h */
| #define PACKAGE_NAME "alsa-lib"
| #define PACKAGE_TARNAME "alsa-lib"
| #define PACKAGE_VERSION "1.1.4.1"
| #define PACKAGE_STRING "alsa-lib 1.1.4.1"
| #define PACKAGE_BUGREPORT ""
| #define PACKAGE_URL ""
| #define PACKAGE "alsa-lib"
| #define VERSION "1.1.4.1"
| #define STDC_HEADERS 1
| #define HAVE_SYS_TYPES_H 1
| #define HAVE_SYS_STAT_H 1
| #define HAVE_STDLIB_H 1
| #define HAVE_STRING_H 1
| #define HAVE_MEMORY_H 1
| #define HAVE_STRINGS_H 1
| #define HAVE_INTTYPES_H 1
| #define HAVE_STDINT_H 1
| #define HAVE_UNISTD_H 1
| /* end confdefs.h.  */
| #include <minix/config.h>
configure:4485: result: no
configure:4485: checking for minix/config.h
configure:4485: result: no
configure:4506: checking whether it is safe to define __EXTENSIONS__
configure:4524: gcc -c -g -O2  conftest.c >&5
configure:4524: $? = 0
configure:4531: result: yes
configure:4546: checking whether ln -s works
configure:4550: result: yes
configure:4638: checking how to print strings
configure:4665: result: printf
configure:4686: checking for a sed that does not truncate output
configure:4750: result: /bin/sed
configure:4768: checking for fgrep
configure:4830: result: /bin/grep -F
configure:4865: checking for ld used by gcc
configure:4932: result: /usr/bin/ld
configure:4939: checking if the linker (/usr/bin/ld) is GNU ld
configure:4954: result: yes
configure:4966: checking for BSD- or MS-compatible name lister (nm)
configure:5015: result: /usr/bin/nm -B
configure:5145: checking the name lister (/usr/bin/nm -B) interface
configure:5152: gcc -c -g -O2  conftest.c >&5
configure:5155: /usr/bin/nm -B "conftest.o"
configure:5158: output
0000000000000000 B some_variable
configure:5165: result: BSD nm
configure:5169: checking the maximum length of command line arguments
configure:5299: result: 1572864
configure:5316: checking whether the shell understands some XSI constructs
configure:5326: result: yes
configure:5330: checking whether the shell understands "+="
configure:5336: result: yes
configure:5371: checking how to convert x86_64-unknown-linux-gnu file names to x86_64-unknown-linux-gnu format
configure:5411: result: func_convert_file_noop
configure:5418: checking how to convert x86_64-unknown-linux-gnu file names to toolchain format
configure:5438: result: func_convert_file_noop
configure:5445: checking for /usr/bin/ld option to reload object files
configure:5452: result: -r
configure:5526: checking for objdump
configure:5542: found /usr/bin/objdump
configure:5553: result: objdump
configure:5585: checking how to recognize dependent libraries
configure:5787: result: pass_all
configure:5872: checking for dlltool
configure:5902: result: no
configure:5932: checking how to associate runtime and link libraries
configure:5959: result: printf %s\n
configure:6019: checking for ar
configure:6035: found /usr/bin/ar
configure:6046: result: ar
configure:6083: checking for archiver @FILE support
configure:6100: gcc -c -g -O2  conftest.c >&5
configure:6100: $? = 0
configure:6103: ar cru libconftest.a @conftest.lst >&5
ar: `u' modifier ignored since `D' is the default (see `U')
configure:6106: $? = 0
configure:6111: ar cru libconftest.a @conftest.lst >&5
ar: `u' modifier ignored since `D' is the default (see `U')
ar: conftest.o: No such file or directory
configure:6114: $? = 1
configure:6126: result: @
configure:6184: checking for strip
configure:6200: found /usr/bin/strip
configure:6211: result: strip
configure:6283: checking for ranlib
configure:6299: found /usr/bin/ranlib
configure:6310: result: ranlib
configure:6412: checking command to parse /usr/bin/nm -B output from gcc object
configure:6532: gcc -c -g -O2  conftest.c >&5
configure:6535: $? = 0
configure:6539: /usr/bin/nm -B conftest.o \| sed -n -e 's/^.*[ ]\([ABCDGIRSTW][ABCDGIRSTW]*\)[ ][ ]*\([_A-Za-z][_A-Za-z0-9]*\)$/\1 \2 \2/p' | sed '/ __gnu_lto/d' \> conftest.nm
configure:6542: $? = 0
configure:6608: gcc -o conftest -g -O2   conftest.c conftstm.o >&5
configure:6611: $? = 0
configure:6649: result: ok
configure:6686: checking for sysroot
configure:6716: result: no
configure:6793: gcc -c -g -O2  conftest.c >&5
configure:6796: $? = 0
configure:6972: checking for mt
configure:6988: found /bin/mt
configure:6999: result: mt
configure:7022: checking if mt is a manifest tool
configure:7028: mt '-?'
configure:7036: result: no
configure:7675: checking for dlfcn.h
configure:7675: gcc -c -g -O2  conftest.c >&5
configure:7675: $? = 0
configure:7675: result: yes
configure:7849: checking for objdir
configure:7864: result: .libs
configure:8131: checking if gcc supports -fno-rtti -fno-exceptions
configure:8149: gcc -c -g -O2  -fno-rtti -fno-exceptions conftest.c >&5
cc1: warning: command line option '-fno-rtti' is valid for C++/ObjC++ but not for C
configure:8153: $? = 0
configure:8166: result: no
configure:8493: checking for gcc option to produce PIC
configure:8500: result: -fPIC -DPIC
configure:8508: checking if gcc PIC flag -fPIC -DPIC works
configure:8526: gcc -c -g -O2  -fPIC -DPIC -DPIC conftest.c >&5
configure:8530: $? = 0
configure:8543: result: yes
configure:8572: checking if gcc static flag -static works
configure:8600: result: yes
configure:8615: checking if gcc supports -c -o file.o
configure:8636: gcc -c -g -O2  -o out/conftest2.o conftest.c >&5
configure:8640: $? = 0
configure:8662: result: yes
configure:8670: checking if gcc supports -c -o file.o
configure:8717: result: yes
configure:8750: checking whether the gcc linker (/usr/bin/ld -m elf_x86_64) supports shared libraries
configure:9903: result: yes
configure:9940: checking whether -lc should be explicitly linked in
configure:9948: gcc -c -g -O2  conftest.c >&5
configure:9951: $? = 0
configure:9966: gcc -shared  -fPIC -DPIC conftest.o  -v -Wl,-soname -Wl,conftest -o conftest 2\>\&1 \| /bin/grep  -lc  \>/dev/null 2\>\&1
configure:9969: $? = 0
configure:9983: result: no
configure:10143: checking dynamic linker characteristics
configure:10654: gcc -o conftest -g -O2   -Wl,-rpath -Wl,/foo conftest.c  >&5
configure:10654: $? = 0
configure:10880: result: GNU/Linux ld.so
configure:10987: checking how to hardcode library paths into programs
configure:11012: result: immediate
configure:11106: checking for shl_load
configure:11106: gcc -o conftest -g -O2   conftest.c  >&5
/tmp/ccrYlxvh.o: In function `main':
/home/cheetah/语音识别开发笔记/Test/lib/alsa-lib/conftest.c:62: undefined reference to `shl_load'
collect2: error: ld returned 1 exit status
configure:11106: $? = 1
configure: failed program was:
| /* confdefs.h */
| #define PACKAGE_NAME "alsa-lib"
| #define PACKAGE_TARNAME "alsa-lib"
| #define PACKAGE_VERSION "1.1.4.1"
| #define PACKAGE_STRING "alsa-lib 1.1.4.1"
| #define PACKAGE_BUGREPORT ""
| #define PACKAGE_URL ""
| #define PACKAGE "alsa-lib"
| #define VERSION "1.1.4.1"
| #define STDC_HEADERS 1
| #define HAVE_SYS_TYPES_H 1
| #define HAVE_SYS_STAT_H 1
| #define HAVE_STDLIB_H 1
| #define HAVE_STRING_H 1
| #define HAVE_MEMORY_H 1
| #define HAVE_STRINGS_H 1
| #define HAVE_INTTYPES_H 1
| #define HAVE_STDINT_H 1
| #define HAVE_UNISTD_H 1
| #define __EXTENSIONS__ 1
| #define _ALL_SOURCE 1
| #define _GNU_SOURCE 1
| #define _POSIX_PTHREAD_SEMANTICS 1
| #define _TANDEM_SOURCE 1
| #define HAVE_DLFCN_H 1
| #define LT_OBJDIR ".libs/"
| /* end confdefs.h.  */
| /* Define shl_load to an innocuous variant, in case <limits.h> declares shl_load.
|    For example, HP-UX 11i <limits.h> declares gettimeofday.  */
| #define shl_load innocuous_shl_load
| 
| /* System header to define __stub macros and hopefully few prototypes,
|     which can conflict with char shl_load (); below.
|     Prefer <limits.h> to <assert.h> if __STDC__ is defined, since
|     <limits.h> exists even on freestanding compilers.  */
| 
| #ifdef __STDC__
| # include <limits.h>
| #else
| # include <assert.h>
| #endif
| 
| #undef shl_load
| 
| /* Override any GCC internal prototype to avoid an error.
|    Use char because int might match the return type of a GCC
|    builtin and then its argument prototype would still apply.  */
| #ifdef __cplusplus
| extern "C"
| #endif
| char shl_load ();
| /* The GNU C library defines this for functions which it implements
|     to always fail with ENOSYS.  Some functions are actually named
|     something starting with __ and the normal name is an alias.  */
| #if defined __stub_shl_load || defined __stub___shl_load
| choke me
| #endif
| 
| int
| main ()
| {
| return shl_load ();
|   ;
|   return 0;
| }
configure:11106: result: no
configure:11110: checking for shl_load in -ldld
configure:11135: gcc -o conftest -g -O2   conftest.c -ldld   >&5
/usr/bin/ld: cannot find -ldld
collect2: error: ld returned 1 exit status
configure:11135: $? = 1
configure: failed program was:
| /* confdefs.h */
| #define PACKAGE_NAME "alsa-lib"
| #define PACKAGE_TARNAME "alsa-lib"
| #define PACKAGE_VERSION "1.1.4.1"
| #define PACKAGE_STRING "alsa-lib 1.1.4.1"
| #define PACKAGE_BUGREPORT ""
| #define PACKAGE_URL ""
| #define PACKAGE "alsa-lib"
| #define VERSION "1.1.4.1"
| #define STDC_HEADERS 1
| #define HAVE_SYS_TYPES_H 1
| #define HAVE_SYS_STAT_H 1
| #define HAVE_STDLIB_H 1
| #define HAVE_STRING_H 1
| #define HAVE_MEMORY_H 1
| #define HAVE_STRINGS_H 1
| #define HAVE_INTTYPES_H 1
| #define HAVE_STDINT_H 1
| #define HAVE_UNISTD_H 1
| #define __EXTENSIONS__ 1
| #define _ALL_SOURCE 1
| #define _GNU_SOURCE 1
| #define _POSIX_PTHREAD_SEMANTICS 1
| #define _TANDEM_SOURCE 1
| #define HAVE_DLFCN_H 1
| #define LT_OBJDIR ".libs/"
| /* end confdefs.h.  */
| 
| /* Override any GCC internal prototype to avoid an error.
|    Use char because int might match the return type of a GCC
|    builtin and then its argument prototype would still apply.  */
| #ifdef __cplusplus
| extern "C"
| #endif
| char shl_load ();
| int
| main ()
| {
| return shl_load ();
|   ;
|   return 0;
| }
configure:11144: result: no
configure:11149: checking for dlopen
configure:11149: gcc -o conftest -g -O2   conftest.c  >&5
/tmp/ccJnVpvm.o: In function `main':
/home/cheetah/语音识别开发笔记/Test/lib/alsa-lib/conftest.c:62: undefined reference to `dlopen'
collect2: error: ld returned 1 exit status
configure:11149: $? = 1
configure: failed program was:
| /* confdefs.h */
| #define PACKAGE_NAME "alsa-lib"
| #define PACKAGE_TARNAME "alsa-lib"
| #define PACKAGE_VERSION "1.1.4.1"
| #define PACKAGE_STRING "alsa-lib 1.1.4.1"
| #define PACKAGE_BUGREPORT ""
| #define PACKAGE_URL ""
| #define PACKAGE "alsa-lib"
| #define VERSION "1.1.4.1"
| #define STDC_HEADERS 1
| #define HAVE_SYS_TYPES_H 1
| #define HAVE_SYS_STAT_H 1
| #define HAVE_STDLIB_H 1
| #define HAVE_STRING_H 1
| #define HAVE_MEMORY_H 1
| #define HAVE_STRINGS_H 1
| #define HAVE_INTTYPES_H 1
| #define HAVE_STDINT_H 1
| #define HAVE_UNISTD_H 1
| #define __EXTENSIONS__ 1
| #define _ALL_SOURCE 1
| #define _GNU_SOURCE 1
| #define _POSIX_PTHREAD_SEMANTICS 1
| #define _TANDEM_SOURCE 1
| #define HAVE_DLFCN_H 1
| #define LT_OBJDIR ".libs/"
| /* end confdefs.h.  */
| /* Define dlopen to an innocuous variant, in case <limits.h> declares dlopen.
|    For example, HP-UX 11i <limits.h> declares gettimeofday.  */
| #define dlopen innocuous_dlopen
| 
| /* System header to define __stub macros and hopefully few prototypes,
|     which can conflict with char dlopen (); below.
|     Prefer <limits.h> to <assert.h> if __STDC__ is defined, since
|     <limits.h> exists even on freestanding compilers.  */
| 
| #ifdef __STDC__
| # include <limits.h>
| #else
| # include <assert.h>
| #endif
| 
| #undef dlopen
| 
| /* Override any GCC internal prototype to avoid an error.
|    Use char because int might match the return type of a GCC
|    builtin and then its argument prototype would still apply.  */
| #ifdef __cplusplus
| extern "C"
| #endif
| char dlopen ();
| /* The GNU C library defines this for functions which it implements
|     to always fail with ENOSYS.  Some functions are actually named
|     something starting with __ and the normal name is an alias.  */
| #if defined __stub_dlopen || defined __stub___dlopen
| choke me
| #endif
| 
| int
| main ()
| {
| return dlopen ();
|   ;
|   return 0;
| }
configure:11149: result: no
configure:11153: checking for dlopen in -ldl
configure:11178: gcc -o conftest -g -O2   conftest.c -ldl   >&5
configure:11178: $? = 0
configure:11187: result: yes
configure:11306: checking whether a program can dlopen itself
configure:11386: gcc -o conftest -g -O2  -DHAVE_DLFCN_H  -Wl,--export-dynamic conftest.c -ldl  >&5
configure:11389: $? = 0
configure:11407: result: yes
configure:11412: checking whether a statically linked program can dlopen itself
configure:11492: gcc -o conftest -g -O2  -DHAVE_DLFCN_H  -Wl,--export-dynamic -static conftest.c -ldl  >&5
/tmp/cc2EqYCl.o: In function `main':
/home/cheetah/语音识别开发笔记/Test/lib/alsa-lib/configure:11471: warning: Using 'dlopen' in statically linked applications requires at runtime the shared libraries from the glibc version used for linking
/usr/bin/ld: dynamic STT_GNU_IFUNC symbol `strcmp' with pointer equality in `/usr/lib/gcc/x86_64-linux-gnu/5/../../../x86_64-linux-gnu/libc.a(strcmp.o)' can not be used when making an executable; recompile with -fPIE and relink with -pie
collect2: error: ld returned 1 exit status
configure:11495: $? = 1
configure:11513: result: no
configure:11552: checking whether stripping libraries is possible
configure:11557: result: yes
configure:11592: checking if libtool supports shared libraries
configure:11594: result: yes
configure:11597: checking whether to build shared libraries
configure:11618: result: yes
configure:11621: checking whether to build static libraries
configure:11625: result: no
configure:11665: checking for ANSI C header files
configure:11769: result: yes
configure:11780: checking for an ANSI C-conforming const
configure:11846: gcc -c -g -O2  conftest.c >&5
configure:11846: $? = 0
configure:11853: result: yes
configure:11861: checking for inline
configure:11877: gcc -c -g -O2  conftest.c >&5
configure:11877: $? = 0
configure:11885: result: inline
configure:11903: checking whether time.h and sys/time.h may both be included
configure:11923: gcc -c -g -O2  conftest.c >&5
configure:11923: $? = 0
configure:11930: result: yes
configure:11940: checking whether gcc needs -traditional
configure:11974: result: no
configure:11983: checking for uselocale
configure:11983: gcc -o conftest -g -O2   conftest.c  >&5
configure:11983: $? = 0
configure:11983: result: yes
configure:11994: checking for library version
configure:12019: result: major 1 minor 1 subminor 4 extrastr  extraver 1000000
configure:12110: checking for versioned symbols
configure:12137: result: yes
configure:12156: checking for symbolic-functions
configure:12175: result: no
configure:12187: checking for custom symbol prefixes
configure:12200: result: 
configure:12203: checking for debug
configure:12214: result: yes
configure:12225: checking for debug assert
configure:12241: result: no
configure:12246: checking for tmpdir
configure:12256: result: /tmp
configure:12264: checking for softfloat
configure:12282: result: no
configure:12291: checking for libdl
configure:12303: checking for dlsym in -ldl
configure:12328: gcc -o conftest -g -O2   conftest.c -ldl   >&5
configure:12328: $? = 0
configure:12337: result: yes
configure:12362: checking for pthread
configure:12373: checking for pthread_join in -lpthread
configure:12398: gcc -o conftest -g -O2   conftest.c -lpthread   >&5
configure:12398: $? = 0
configure:12407: result: yes
configure:12425: checking whether PTHREAD_MUTEX_RECURSIVE is declared
configure:12425: gcc -c -g -O2  conftest.c >&5
configure:12425: $? = 0
configure:12425: result: yes
configure:12435: checking for __thread
configure:12450: gcc -o conftest -g -O2   conftest.c  >&5
configure:12450: $? = 0
configure:12454: result: yes
configure:12463: checking for librt
configure:12474: checking for clock_gettime in -lrt
configure:12499: gcc -o conftest -g -O2   conftest.c -lrt   >&5
configure:12499: $? = 0
configure:12508: result: yes
configure:12533: checking wordexp.h usability
configure:12533: gcc -c -g -O2  conftest.c >&5
configure:12533: $? = 0
configure:12533: result: yes
configure:12533: checking wordexp.h presence
configure:12533: gcc -E  conftest.c
configure:12533: $? = 0
configure:12533: result: yes
configure:12533: checking for wordexp.h
configure:12533: result: yes
configure:12533: checking endian.h usability
configure:12533: gcc -c -g -O2  conftest.c >&5
configure:12533: $? = 0
configure:12533: result: yes
configure:12533: checking endian.h presence
configure:12533: gcc -E  conftest.c
configure:12533: $? = 0
configure:12533: result: yes
configure:12533: checking for endian.h
configure:12533: result: yes
configure:12533: checking sys/endian.h usability
configure:12533: gcc -c -g -O2  conftest.c >&5
conftest.c:79:24: fatal error: sys/endian.h: No such file or directory
compilation terminated.
configure:12533: $? = 1
configure: failed program was:
| /* confdefs.h */
| #define PACKAGE_NAME "alsa-lib"
| #define PACKAGE_TARNAME "alsa-lib"
| #define PACKAGE_VERSION "1.1.4.1"
| #define PACKAGE_STRING "alsa-lib 1.1.4.1"
| #define PACKAGE_BUGREPORT ""
| #define PACKAGE_URL ""
| #define PACKAGE "alsa-lib"
| #define VERSION "1.1.4.1"
| #define STDC_HEADERS 1
| #define HAVE_SYS_TYPES_H 1
| #define HAVE_SYS_STAT_H 1
| #define HAVE_STDLIB_H 1
| #define HAVE_STRING_H 1
| #define HAVE_MEMORY_H 1
| #define HAVE_STRINGS_H 1
| #define HAVE_INTTYPES_H 1
| #define HAVE_STDINT_H 1
| #define HAVE_UNISTD_H 1
| #define __EXTENSIONS__ 1
| #define _ALL_SOURCE 1
| #define _GNU_SOURCE 1
| #define _POSIX_PTHREAD_SEMANTICS 1
| #define _TANDEM_SOURCE 1
| #define HAVE_DLFCN_H 1
| #define LT_OBJDIR ".libs/"
| #define STDC_HEADERS 1
| #define TIME_WITH_SYS_TIME 1
| #define HAVE_USELOCALE 1
| #define VERSION "1.1.4.1"
| #define ALSA_CONFIG_DIR "/usr/share/alsa"
| #define ALSA_PLUGIN_DIR "/usr/lib/alsa-lib"
| #define ALSA_PKGCONF_DIR "/usr/lib/pkgconfig"
| #define VERSIONED_SYMBOLS /**/
| #define __SYMBOL_PREFIX ""
| #define TMPDIR "/tmp"
| #define HAVE_LIBDL 1
| #define HAVE_LIBPTHREAD 1
| #define HAVE_PTHREAD_MUTEX_RECURSIVE /**/
| #define HAVE___THREAD 1
| #define HAVE_LIBRT 1
| #define HAVE_CLOCK_GETTIME 1
| #define HAVE_WORDEXP_H 1
| #define HAVE_ENDIAN_H 1
| /* end confdefs.h.  */
| #include <stdio.h>
| #ifdef HAVE_SYS_TYPES_H
| # include <sys/types.h>
| #endif
| #ifdef HAVE_SYS_STAT_H
| # include <sys/stat.h>
| #endif
| #ifdef STDC_HEADERS
| # include <stdlib.h>
| # include <stddef.h>
| #else
| # ifdef HAVE_STDLIB_H
| #  include <stdlib.h>
| # endif
| #endif
| #ifdef HAVE_STRING_H
| # if !defined STDC_HEADERS && defined HAVE_MEMORY_H
| #  include <memory.h>
| # endif
| # include <string.h>
| #endif
| #ifdef HAVE_STRINGS_H
| # include <strings.h>
| #endif
| #ifdef HAVE_INTTYPES_H
| # include <inttypes.h>
| #endif
| #ifdef HAVE_STDINT_H
| # include <stdint.h>
| #endif
| #ifdef HAVE_UNISTD_H
| # include <unistd.h>
| #endif
| #include <sys/endian.h>
configure:12533: result: no
configure:12533: checking sys/endian.h presence
configure:12533: gcc -E  conftest.c
conftest.c:46:24: fatal error: sys/endian.h: No such file or directory
compilation terminated.
configure:12533: $? = 1
configure: failed program was:
| /* confdefs.h */
| #define PACKAGE_NAME "alsa-lib"
| #define PACKAGE_TARNAME "alsa-lib"
| #define PACKAGE_VERSION "1.1.4.1"
| #define PACKAGE_STRING "alsa-lib 1.1.4.1"
| #define PACKAGE_BUGREPORT ""
| #define PACKAGE_URL ""
| #define PACKAGE "alsa-lib"
| #define VERSION "1.1.4.1"
| #define STDC_HEADERS 1
| #define HAVE_SYS_TYPES_H 1
| #define HAVE_SYS_STAT_H 1
| #define HAVE_STDLIB_H 1
| #define HAVE_STRING_H 1
| #define HAVE_MEMORY_H 1
| #define HAVE_STRINGS_H 1
| #define HAVE_INTTYPES_H 1
| #define HAVE_STDINT_H 1
| #define HAVE_UNISTD_H 1
| #define __EXTENSIONS__ 1
| #define _ALL_SOURCE 1
| #define _GNU_SOURCE 1
| #define _POSIX_PTHREAD_SEMANTICS 1
| #define _TANDEM_SOURCE 1
| #define HAVE_DLFCN_H 1
| #define LT_OBJDIR ".libs/"
| #define STDC_HEADERS 1
| #define TIME_WITH_SYS_TIME 1
| #define HAVE_USELOCALE 1
| #define VERSION "1.1.4.1"
| #define ALSA_CONFIG_DIR "/usr/share/alsa"
| #define ALSA_PLUGIN_DIR "/usr/lib/alsa-lib"
| #define ALSA_PKGCONF_DIR "/usr/lib/pkgconfig"
| #define VERSIONED_SYMBOLS /**/
| #define __SYMBOL_PREFIX ""
| #define TMPDIR "/tmp"
| #define HAVE_LIBDL 1
| #define HAVE_LIBPTHREAD 1
| #define HAVE_PTHREAD_MUTEX_RECURSIVE /**/
| #define HAVE___THREAD 1
| #define HAVE_LIBRT 1
| #define HAVE_CLOCK_GETTIME 1
| #define HAVE_WORDEXP_H 1
| #define HAVE_ENDIAN_H 1
| /* end confdefs.h.  */
| #include <sys/endian.h>
configure:12533: result: no
configure:12533: checking for sys/endian.h
configure:12533: result: no
configure:12533: checking sys/shm.h usability
configure:12533: gcc -c -g -O2  conftest.c >&5
configure:12533: $? = 0
configure:12533: result: yes
configure:12533: checking sys/shm.h presence
configure:12533: gcc -E  conftest.c
configure:12533: $? = 0
configure:12533: result: yes
configure:12533: checking for sys/shm.h
configure:12533: result: yes
configure:12544: checking for resmgr support
configure:12553: result: no
configure:12608: checking for aload* support
configure:12617: result: yes
configure:12625: checking for ALSA device file directory
configure:12643: result: /dev/snd/
configure:12646: checking for aload* device file directory
configure:12664: result: /dev/
configure:12903: checking whether GCC supports builtin atomic intrinsics
configure:12921: gcc -o conftest -g -O2   conftest.c  >&5
configure:12921: $? = 0
configure:12929: result: yes
configure:13319: checking for max number of cards
configure:13329: result: 32
configure:13344: checking for thread-safe API functions
configure:13354: result: yes
configure:13482: checking that generated files are newer than configure
configure:13488: result: done
configure:13695: creating ./config.status

## ---------------------- ##
## Running config.status. ##
## ---------------------- ##

This file was extended by alsa-lib config.status 1.1.4.1, which was
generated by GNU Autoconf 2.69.  Invocation command line was

  CONFIG_FILES    = 
  CONFIG_HEADERS  = 
  CONFIG_LINKS    = 
  CONFIG_COMMANDS = 
  $ ./config.status 

on cheetah-ub

config.status:1279: creating Makefile
config.status:1279: creating doc/Makefile
config.status:1279: creating doc/pictures/Makefile
config.status:1279: creating doc/doxygen.cfg
config.status:1279: creating include/Makefile
config.status:1279: creating include/sound/Makefile
config.status:1279: creating src/Versions
config.status:1279: creating src/Makefile
config.status:1279: creating src/control/Makefile
config.status:1279: creating src/mixer/Makefile
config.status:1279: creating src/pcm/Makefile
config.status:1279: creating src/pcm/scopes/Makefile
config.status:1279: creating src/rawmidi/Makefile
config.status:1279: creating src/timer/Makefile
config.status:1279: creating src/hwdep/Makefile
config.status:1279: creating src/seq/Makefile
config.status:1279: creating src/ucm/Makefile
config.status:1279: creating src/alisp/Makefile
config.status:1279: creating src/topology/Makefile
config.status:1279: creating src/conf/Makefile
config.status:1279: creating src/conf/alsa.conf.d/Makefile
config.status:1279: creating src/conf/cards/Makefile
config.status:1279: creating src/conf/pcm/Makefile
config.status:1279: creating src/conf/ucm/Makefile
config.status:1279: creating src/conf/ucm/DAISY-I2S/Makefile
config.status:1279: creating src/conf/ucm/PandaBoard/Makefile
config.status:1279: creating src/conf/ucm/PandaBoardES/Makefile
config.status:1279: creating src/conf/ucm/SDP4430/Makefile
config.status:1279: creating src/conf/ucm/tegraalc5632/Makefile
config.status:1279: creating src/conf/ucm/PAZ00/Makefile
config.status:1279: creating src/conf/ucm/GoogleNyan/Makefile
config.status:1279: creating src/conf/ucm/broadwell-rt286/Makefile
config.status:1279: creating src/conf/ucm/skylake-rt286/Makefile
config.status:1279: creating src/conf/ucm/VEYRON-I2S/Makefile
config.status:1279: creating src/conf/ucm/chtrt5645/Makefile
config.status:1279: creating src/conf/ucm/DB410c/Makefile
config.status:1279: creating src/conf/topology/Makefile
config.status:1279: creating src/conf/topology/broadwell/Makefile
config.status:1279: creating modules/Makefile
config.status:1279: creating modules/mixer/Makefile
config.status:1279: creating modules/mixer/simple/Makefile
config.status:1279: creating src/conf/topology/sklrt286/Makefile
config.status:1279: creating src/conf/topology/bxtrt298/Makefile
config.status:1279: creating alsalisp/Makefile
config.status:1279: creating aserver/Makefile
config.status:1279: creating test/Makefile
config.status:1279: creating test/lsb/Makefile
config.status:1279: creating src/conf/ucm/broxton-rt298/Makefile
config.status:1279: creating utils/Makefile
config.status:1279: creating utils/alsa-lib.spec
config.status:1279: creating utils/alsa.pc
config.status:1279: creating include/config.h
config.status:1460: include/config.h is unchanged
config.status:1508: executing depfiles commands
config.status:1508: executing libtool commands

## ---------------- ##
## Cache variables. ##
## ---------------- ##

ac_cv_build=x86_64-unknown-linux-gnu
ac_cv_c_compiler_gnu=yes
ac_cv_c_const=yes
ac_cv_c_inline=inline
ac_cv_env_CC_set=
ac_cv_env_CC_value=
ac_cv_env_CFLAGS_set=
ac_cv_env_CFLAGS_value=
ac_cv_env_CPPFLAGS_set=
ac_cv_env_CPPFLAGS_value=
ac_cv_env_CPP_set=
ac_cv_env_CPP_value=
ac_cv_env_LDFLAGS_set=
ac_cv_env_LDFLAGS_value=
ac_cv_env_LIBS_set=
ac_cv_env_LIBS_value=
ac_cv_env_build_alias_set=
ac_cv_env_build_alias_value=
ac_cv_env_host_alias_set=
ac_cv_env_host_alias_value=
ac_cv_env_target_alias_set=
ac_cv_env_target_alias_value=
ac_cv_func_dlopen=no
ac_cv_func_shl_load=no
ac_cv_func_uselocale=yes
ac_cv_have_decl_PTHREAD_MUTEX_RECURSIVE=yes
ac_cv_header_dlfcn_h=yes
ac_cv_header_endian_h=yes
ac_cv_header_inttypes_h=yes
ac_cv_header_memory_h=yes
ac_cv_header_minix_config_h=no
ac_cv_header_stdc=yes
ac_cv_header_stdint_h=yes
ac_cv_header_stdlib_h=yes
ac_cv_header_string_h=yes
ac_cv_header_strings_h=yes
ac_cv_header_sys_endian_h=no
ac_cv_header_sys_shm_h=yes
ac_cv_header_sys_stat_h=yes
ac_cv_header_sys_types_h=yes
ac_cv_header_time=yes
ac_cv_header_unistd_h=yes
ac_cv_header_wordexp_h=yes
ac_cv_host=x86_64-unknown-linux-gnu
ac_cv_lib_dl_dlopen=yes
ac_cv_lib_dl_dlsym=yes
ac_cv_lib_dld_shl_load=no
ac_cv_lib_pthread_pthread_join=yes
ac_cv_lib_rt_clock_gettime=yes
ac_cv_objext=o
ac_cv_path_EGREP='/bin/grep -E'
ac_cv_path_FGREP='/bin/grep -F'
ac_cv_path_GREP=/bin/grep
ac_cv_path_SED=/bin/sed
ac_cv_path_install='/usr/bin/install -c'
ac_cv_path_mkdir=/bin/mkdir
ac_cv_prog_AWK=mawk
ac_cv_prog_CPP='gcc -E'
ac_cv_prog_ac_ct_AR=ar
ac_cv_prog_ac_ct_CC=gcc
ac_cv_prog_ac_ct_MANIFEST_TOOL=mt
ac_cv_prog_ac_ct_OBJDUMP=objdump
ac_cv_prog_ac_ct_RANLIB=ranlib
ac_cv_prog_ac_ct_STRIP=strip
ac_cv_prog_cc_c89=
ac_cv_prog_cc_g=yes
ac_cv_prog_gcc_traditional=no
ac_cv_prog_make_make_set=yes
ac_cv_safe_to_define___extensions__=yes
am_cv_CC_dependencies_compiler_type=gcc3
am_cv_make_support_nested_variables=yes
lt_cv_ar_at_file=@
lt_cv_archive_cmds_need_lc=no
lt_cv_deplibs_check_method=pass_all
lt_cv_dlopen=dlopen
lt_cv_dlopen_libs=-ldl
lt_cv_dlopen_self=yes
lt_cv_dlopen_self_static=no
lt_cv_file_magic_cmd='$MAGIC_CMD'
lt_cv_file_magic_test_file=
lt_cv_ld_reload_flag=-r
lt_cv_nm_interface='BSD nm'
lt_cv_objdir=.libs
lt_cv_path_LD=/usr/bin/ld
lt_cv_path_NM='/usr/bin/nm -B'
lt_cv_path_mainfest_tool=no
lt_cv_prog_compiler_c_o=yes
lt_cv_prog_compiler_pic='-fPIC -DPIC'
lt_cv_prog_compiler_pic_works=yes
lt_cv_prog_compiler_rtti_exceptions=no
lt_cv_prog_compiler_static_works=yes
lt_cv_prog_gnu_ld=yes
lt_cv_sharedlib_from_linklib_cmd='printf %s\n'
lt_cv_shlibpath_overrides_runpath=no
lt_cv_sys_global_symbol_pipe='sed -n -e '\''s/^.*[	 ]\([ABCDGIRSTW][ABCDGIRSTW]*\)[	 ][	 ]*\([_A-Za-z][_A-Za-z0-9]*\)$/\1 \2 \2/p'\'' | sed '\''/ __gnu_lto/d'\'''
lt_cv_sys_global_symbol_to_c_name_address='sed -n -e '\''s/^: \([^ ]*\)[ ]*$/  {\"\1\", (void *) 0},/p'\'' -e '\''s/^[ABCDGIRSTW]* \([^ ]*\) \([^ ]*\)$/  {"\2", (void *) \&\2},/p'\'''
lt_cv_sys_global_symbol_to_c_name_address_lib_prefix='sed -n -e '\''s/^: \([^ ]*\)[ ]*$/  {\"\1\", (void *) 0},/p'\'' -e '\''s/^[ABCDGIRSTW]* \([^ ]*\) \(lib[^ ]*\)$/  {"\2", (void *) \&\2},/p'\'' -e '\''s/^[ABCDGIRSTW]* \([^ ]*\) \([^ ]*\)$/  {"lib\2", (void *) \&\2},/p'\'''
lt_cv_sys_global_symbol_to_cdecl='sed -n -e '\''s/^T .* \(.*\)$/extern int \1();/p'\'' -e '\''s/^[ABCDGIRSTW]* .* \(.*\)$/extern char \1;/p'\'''
lt_cv_sys_max_cmd_len=1572864
lt_cv_to_host_file_cmd=func_convert_file_noop
lt_cv_to_tool_file_cmd=func_convert_file_noop

## ----------------- ##
## Output variables. ##
## ----------------- ##

ACLOCAL='${SHELL} /home/cheetah/语音识别开发笔记/Test/lib/alsa-lib/missing --run aclocal-1.12'
ALSA_CONFIG_DIR='/usr/share/alsa'
ALSA_DEPLIBS='-lm -ldl -lpthread -lrt'
ALSA_PKGCONF_DIR='/usr/lib/pkgconfig'
ALSA_PLUGIN_DIR='/usr/lib/alsa-lib'
AMDEPBACKSLASH='\'
AMDEP_FALSE='#'
AMDEP_TRUE=''
AMTAR='$${TAR-tar}'
AM_BACKSLASH='\'
AM_DEFAULT_V='$(AM_DEFAULT_VERBOSITY)'
AM_DEFAULT_VERBOSITY='0'
AM_V='$(V)'
AR='ar'
AUTOCONF='${SHELL} /home/cheetah/语音识别开发笔记/Test/lib/alsa-lib/missing --run autoconf'
AUTOHEADER='${SHELL} /home/cheetah/语音识别开发笔记/Test/lib/alsa-lib/missing --run autoheader'
AUTOMAKE='${SHELL} /home/cheetah/语音识别开发笔记/Test/lib/alsa-lib/missing --run automake-1.12'
AWK='mawk'
BUILD_ALISP_FALSE='#'
BUILD_ALISP_TRUE=''
BUILD_CTL_PLUGIN_EXT_FALSE='#'
BUILD_CTL_PLUGIN_EXT_TRUE=''
BUILD_CTL_PLUGIN_FALSE='#'
BUILD_CTL_PLUGIN_SHM_FALSE='#'
BUILD_CTL_PLUGIN_SHM_TRUE=''
BUILD_CTL_PLUGIN_TRUE=''
BUILD_HWDEP_FALSE='#'
BUILD_HWDEP_TRUE=''
BUILD_MIXER_FALSE='#'
BUILD_MIXER_TRUE=''
BUILD_MODULES_FALSE='#'
BUILD_MODULES_TRUE=''
BUILD_PCM_FALSE='#'
BUILD_PCM_PLUGIN_ADPCM_FALSE='#'
BUILD_PCM_PLUGIN_ADPCM_TRUE=''
BUILD_PCM_PLUGIN_ALAW_FALSE='#'
BUILD_PCM_PLUGIN_ALAW_TRUE=''
BUILD_PCM_PLUGIN_ASYM_FALSE='#'
BUILD_PCM_PLUGIN_ASYM_TRUE=''
BUILD_PCM_PLUGIN_COPY_FALSE='#'
BUILD_PCM_PLUGIN_COPY_TRUE=''
BUILD_PCM_PLUGIN_DMIX_FALSE='#'
BUILD_PCM_PLUGIN_DMIX_TRUE=''
BUILD_PCM_PLUGIN_DSHARE_FALSE='#'
BUILD_PCM_PLUGIN_DSHARE_TRUE=''
BUILD_PCM_PLUGIN_DSNOOP_FALSE='#'
BUILD_PCM_PLUGIN_DSNOOP_TRUE=''
BUILD_PCM_PLUGIN_EMPTY_FALSE='#'
BUILD_PCM_PLUGIN_EMPTY_TRUE=''
BUILD_PCM_PLUGIN_EXTPLUG_FALSE='#'
BUILD_PCM_PLUGIN_EXTPLUG_TRUE=''
BUILD_PCM_PLUGIN_FALSE='#'
BUILD_PCM_PLUGIN_FILE_FALSE='#'
BUILD_PCM_PLUGIN_FILE_TRUE=''
BUILD_PCM_PLUGIN_HOOKS_FALSE='#'
BUILD_PCM_PLUGIN_HOOKS_TRUE=''
BUILD_PCM_PLUGIN_IEC958_FALSE='#'
BUILD_PCM_PLUGIN_IEC958_TRUE=''
BUILD_PCM_PLUGIN_IOPLUG_FALSE='#'
BUILD_PCM_PLUGIN_IOPLUG_TRUE=''
BUILD_PCM_PLUGIN_LADSPA_FALSE='#'
BUILD_PCM_PLUGIN_LADSPA_TRUE=''
BUILD_PCM_PLUGIN_LFLOAT_FALSE='#'
BUILD_PCM_PLUGIN_LFLOAT_TRUE=''
BUILD_PCM_PLUGIN_LINEAR_FALSE='#'
BUILD_PCM_PLUGIN_LINEAR_TRUE=''
BUILD_PCM_PLUGIN_METER_FALSE='#'
BUILD_PCM_PLUGIN_METER_TRUE=''
BUILD_PCM_PLUGIN_MMAP_EMUL_FALSE='#'
BUILD_PCM_PLUGIN_MMAP_EMUL_TRUE=''
BUILD_PCM_PLUGIN_MULAW_FALSE='#'
BUILD_PCM_PLUGIN_MULAW_TRUE=''
BUILD_PCM_PLUGIN_MULTI_FALSE='#'
BUILD_PCM_PLUGIN_MULTI_TRUE=''
BUILD_PCM_PLUGIN_NULL_FALSE='#'
BUILD_PCM_PLUGIN_NULL_TRUE=''
BUILD_PCM_PLUGIN_PLUG_FALSE='#'
BUILD_PCM_PLUGIN_PLUG_TRUE=''
BUILD_PCM_PLUGIN_RATE_FALSE='#'
BUILD_PCM_PLUGIN_RATE_TRUE=''
BUILD_PCM_PLUGIN_ROUTE_FALSE='#'
BUILD_PCM_PLUGIN_ROUTE_TRUE=''
BUILD_PCM_PLUGIN_SHARE_FALSE='#'
BUILD_PCM_PLUGIN_SHARE_TRUE=''
BUILD_PCM_PLUGIN_SHM_FALSE='#'
BUILD_PCM_PLUGIN_SHM_TRUE=''
BUILD_PCM_PLUGIN_SOFTVOL_FALSE='#'
BUILD_PCM_PLUGIN_SOFTVOL_TRUE=''
BUILD_PCM_PLUGIN_TRUE=''
BUILD_PCM_TRUE=''
BUILD_PYTHON_FALSE=''
BUILD_PYTHON_TRUE='#'
BUILD_RAWMIDI_FALSE='#'
BUILD_RAWMIDI_TRUE=''
BUILD_SEQ_FALSE='#'
BUILD_SEQ_TRUE=''
BUILD_TOPOLOGY_FALSE='#'
BUILD_TOPOLOGY_TRUE=''
BUILD_UCM_FALSE='#'
BUILD_UCM_TRUE=''
CC='gcc'
CCDEPMODE='depmode=gcc3'
CFLAGS='-g -O2'
CPP='gcc -E'
CPPFLAGS=''
CYGPATH_W='echo'
DEFS='-DHAVE_CONFIG_H'
DEPDIR='.deps'
DLLTOOL='false'
DSYMUTIL=''
DUMPBIN=''
ECHO_C=''
ECHO_N='-n'
ECHO_T=''
EGREP='/bin/grep -E'
EXEEXT=''
FGREP='/bin/grep -F'
GREP='/bin/grep'
INSTALL_DATA='${INSTALL} -m 644'
INSTALL_M4_FALSE='#'
INSTALL_M4_TRUE=''
INSTALL_PROGRAM='${INSTALL}'
INSTALL_SCRIPT='${INSTALL}'
INSTALL_STRIP_PROGRAM='$(install_sh) -c -s'
KEEP_OLD_SYMBOLS_FALSE='#'
KEEP_OLD_SYMBOLS_TRUE=''
LD='/usr/bin/ld -m elf_x86_64'
LDFLAGS=''
LIBOBJS=''
LIBS=''
LIBTOOL='$(SHELL) $(top_builddir)/libtool'
LIBTOOL_VERSION_INFO='2:0:0'
LIPO=''
LN_S='ln -s'
LTLIBOBJS=''
MAINT=''
MAINTAINER_MODE_FALSE='#'
MAINTAINER_MODE_TRUE=''
MAKEINFO='${SHELL} /home/cheetah/语音识别开发笔记/Test/lib/alsa-lib/missing --run makeinfo'
MANIFEST_TOOL=':'
MKDIR_P='/bin/mkdir -p'
NM='/usr/bin/nm -B'
NMEDIT=''
OBJDUMP='objdump'
OBJEXT='o'
OTOOL64=''
OTOOL=''
PACKAGE='alsa-lib'
PACKAGE_BUGREPORT=''
PACKAGE_NAME='alsa-lib'
PACKAGE_STRING='alsa-lib 1.1.4.1'
PACKAGE_TARNAME='alsa-lib'
PACKAGE_URL=''
PACKAGE_VERSION='1.1.4.1'
PATH_SEPARATOR=':'
PYTHON_INCLUDES=''
PYTHON_LIBS=''
RANLIB='ranlib'
SED='/bin/sed'
SET_MAKE=''
SHELL='/bin/bash'
SND_LIB_EXTRAVER='1000000'
SND_LIB_MAJOR='1'
SND_LIB_MINOR='1'
SND_LIB_SUBMINOR='4'
SND_LIB_VERSION='1.1.4.1'
STRIP='strip'
SYMBOLIC_FUNCTIONS_FALSE=''
SYMBOLIC_FUNCTIONS_TRUE='#'
SYMBOL_PREFIX=''
VERSION='1.1.4.1'
VERSIONED_SYMBOLS_FALSE='#'
VERSIONED_SYMBOLS_TRUE=''
ac_ct_AR='ar'
ac_ct_CC='gcc'
ac_ct_DUMPBIN=''
am__EXEEXT_FALSE=''
am__EXEEXT_TRUE='#'
am__fastdepCC_FALSE='#'
am__fastdepCC_TRUE=''
am__include='include'
am__isrc=''
am__leading_dot='.'
am__nodep='_no'
am__quote=''
am__tar='$${TAR-tar} chof - "$$tardir"'
am__untar='$${TAR-tar} xf -'
bindir='${exec_prefix}/bin'
build='x86_64-unknown-linux-gnu'
build_alias=''
build_cpu='x86_64'
build_os='linux-gnu'
build_vendor='unknown'
datadir='${datarootdir}'
datarootdir='${prefix}/share'
docdir='${datarootdir}/doc/${PACKAGE_TARNAME}'
dvidir='${docdir}'
exec_prefix='/usr'
host='x86_64-unknown-linux-gnu'
host_alias=''
host_cpu='x86_64'
host_os='linux-gnu'
host_vendor='unknown'
htmldir='${docdir}'
includedir='${prefix}/include'
infodir='${datarootdir}/info'
install_sh='${SHELL} /home/cheetah/语音识别开发笔记/Test/lib/alsa-lib/install-sh'
libdir='${exec_prefix}/lib'
libexecdir='${exec_prefix}/libexec'
localedir='${datarootdir}/locale'
localstatedir='${prefix}/var'
mandir='${datarootdir}/man'
mkdir_p='$(MKDIR_P)'
oldincludedir='/usr/include'
pdfdir='${docdir}'
prefix='/usr'
program_transform_name='s,x,x,'
psdir='${docdir}'
sbindir='${exec_prefix}/sbin'
sharedstatedir='${prefix}/com'
sysconfdir='${prefix}/etc'
target_alias=''

## ----------- ##
## confdefs.h. ##
## ----------- ##

/* confdefs.h */
#define PACKAGE_NAME "alsa-lib"
#define PACKAGE_TARNAME "alsa-lib"
#define PACKAGE_VERSION "1.1.4.1"
#define PACKAGE_STRING "alsa-lib 1.1.4.1"
#define PACKAGE_BUGREPORT ""
#define PACKAGE_URL ""
#define PACKAGE "alsa-lib"
#define VERSION "1.1.4.1"
#define STDC_HEADERS 1
#define HAVE_SYS_TYPES_H 1
#define HAVE_SYS_STAT_H 1
#define HAVE_STDLIB_H 1
#define HAVE_STRING_H 1
#define HAVE_MEMORY_H 1
#define HAVE_STRINGS_H 1
#define HAVE_INTTYPES_H 1
#define HAVE_STDINT_H 1
#define HAVE_UNISTD_H 1
#define __EXTENSIONS__ 1
#define _ALL_SOURCE 1
#define _GNU_SOURCE 1
#define _POSIX_PTHREAD_SEMANTICS 1
#define _TANDEM_SOURCE 1
#define HAVE_DLFCN_H 1
#define LT_OBJDIR ".libs/"
#define STDC_HEADERS 1
#define TIME_WITH_SYS_TIME 1
#define HAVE_USELOCALE 1
#define VERSION "1.1.4.1"
#define ALSA_CONFIG_DIR "/usr/share/alsa"
#define ALSA_PLUGIN_DIR "/usr/lib/alsa-lib"
#define ALSA_PKGCONF_DIR "/usr/lib/pkgconfig"
#define VERSIONED_SYMBOLS /**/
#define __SYMBOL_PREFIX ""
#define TMPDIR "/tmp"
#define HAVE_LIBDL 1
#define HAVE_LIBPTHREAD 1
#define HAVE_PTHREAD_MUTEX_RECURSIVE /**/
#define HAVE___THREAD 1
#define HAVE_LIBRT 1
#define HAVE_CLOCK_GETTIME 1
#define HAVE_WORDEXP_H 1
#define HAVE_ENDIAN_H 1
#define HAVE_SYS_SHM_H 1
#define SUPPORT_ALOAD "1"
#define ALSA_DEVICE_DIRECTORY "/dev/snd/"
#define ALOAD_DEVICE_DIRECTORY "/dev/"
#define BUILD_MIXER "1"
#define BUILD_PCM "1"
#define BUILD_RAWMIDI "1"
#define BUILD_HWDEP "1"
#define BUILD_SEQ "1"
#define BUILD_UCM "1"
#define BUILD_TOPOLOGY "1"
#define BUILD_PCM_PLUGIN_RATE "1"
#define BUILD_PCM_PLUGIN_ROUTE "1"
#define BUILD_PCM_PLUGIN_LFLOAT "1"
#define BUILD_PCM_PLUGIN_ADPCM "1"
#define BUILD_PCM_PLUGIN_MULAW "1"
#define BUILD_PCM_PLUGIN_ALAW "1"
#define BUILD_PCM_PLUGIN_MMAP_EMUL "1"
#define SND_MAX_CARDS 32
#define THREAD_SAFE_API "1"

configure: exit 0
